<?xml version="1.0" encoding="UTF-8"?>
<testsuite xmlns:xsi="http://www.w3.org/2001/XMLSchema-instance" xsi:noNamespaceSchemaLocation="https://maven.apache.org/surefire/maven-surefire-plugin/xsd/surefire-test-report-3.0.xsd" version="3.0" name="com.yurkin.AppTest" time="0.024" tests="1" errors="0" skipped="0" failures="0">
  <properties>
    <property name="java.specification.version" value="21"/>
    <property name="sun.jnu.encoding" value="UTF-8"/>
    <property name="java.class.path" value="/home/leroman/Документы/student_repository/week3/task2/task2_b/target/test-classes:/home/leroman/Документы/student_repository/week3/task2/task2_b/target/classes:/home/leroman/.m2/repository/junit/junit/4.11/junit-4.11.jar:/home/leroman/.m2/repository/org/hamcrest/hamcrest-core/1.3/hamcrest-core-1.3.jar:"/>
    <property name="java.vm.vendor" value="Red Hat, Inc."/>
    <property name="sun.arch.data.model" value="64"/>
    <property name="java.vendor.url" value="https://www.redhat.com/"/>
    <property name="os.name" value="Linux"/>
    <property name="java.vm.specification.version" value="21"/>
    <property name="sun.java.launcher" value="SUN_STANDARD"/>
    <property name="user.country" value="RU"/>
    <property name="sun.boot.library.path" value="/usr/lib/jvm/java-21-openjdk-21.0.4.0.7-2.fc40.x86_64/lib"/>
    <property name="sun.java.command" value="/home/leroman/Документы/student_repository/week3/task2/task2_b/target/surefire/surefirebooter-20241010124737964_3.jar /home/leroman/Документы/student_repository/week3/task2/task2_b/target/surefire 2024-10-10T12-47-37_900-jvmRun1 surefire-20241010124737964_1tmp surefire_0-20241010124737964_2tmp"/>
    <property name="jdk.debug" value="release"/>
    <property name="surefire.test.class.path" value="/home/leroman/Документы/student_repository/week3/task2/task2_b/target/test-classes:/home/leroman/Документы/student_repository/week3/task2/task2_b/target/classes:/home/leroman/.m2/repository/junit/junit/4.11/junit-4.11.jar:/home/leroman/.m2/repository/org/hamcrest/hamcrest-core/1.3/hamcrest-core-1.3.jar:"/>
    <property name="sun.cpu.endian" value="little"/>
    <property name="user.home" value="/home/leroman"/>
    <property name="user.language" value="ru"/>
    <property name="java.specification.vendor" value="Oracle Corporation"/>
    <property name="java.version.date" value="2024-07-16"/>
    <property name="java.home" value="/usr/lib/jvm/java-21-openjdk-21.0.4.0.7-2.fc40.x86_64"/>
    <property name="file.separator" value="/"/>
    <property name="basedir" value="/home/leroman/Документы/student_repository/week3/task2/task2_b"/>
    <property name="java.vm.compressedOopsMode" value="Zero based"/>
    <property name="line.separator" value="&#10;"/>
    <property name="java.specification.name" value="Java Platform API Specification"/>
    <property name="java.vm.specification.vendor" value="Oracle Corporation"/>
    <property name="surefire.real.class.path" value="/home/leroman/Документы/student_repository/week3/task2/task2_b/target/surefire/surefirebooter-20241010124737964_3.jar"/>
    <property name="sun.management.compiler" value="HotSpot 64-Bit Tiered Compilers"/>
    <property name="java.runtime.version" value="21.0.4+7"/>
    <property name="user.name" value="leroman"/>
    <property name="stdout.encoding" value="UTF-8"/>
    <property name="path.separator" value=":"/>
    <property name="os.version" value="6.10.11-200.fc40.x86_64"/>
    <property name="java.runtime.name" value="OpenJDK Runtime Environment"/>
    <property name="file.encoding" value="UTF-8"/>
    <property name="java.vm.name" value="OpenJDK 64-Bit Server VM"/>
    <property name="java.vendor.version" value="(Red_Hat-21.0.4.0.7-2)"/>
    <property name="localRepository" value="/home/leroman/.m2/repository"/>
    <property name="java.vendor.url.bug" value="https://bugzilla.redhat.com/enter_bug.cgi?product=Fedora&amp;component=java-21-openjdk&amp;version=39"/>
    <property name="java.io.tmpdir" value="/tmp"/>
    <property name="java.version" value="21.0.4"/>
    <property name="user.dir" value="/home/leroman/Документы/student_repository/week3/task2/task2_b"/>
    <property name="os.arch" value="amd64"/>
    <property name="java.vm.specification.name" value="Java Virtual Machine Specification"/>
    <property name="native.encoding" value="UTF-8"/>
    <property name="java.library.path" value="/usr/java/packages/lib:/usr/lib64:/lib64:/lib:/usr/lib"/>
    <property name="java.vm.info" value="mixed mode, sharing"/>
    <property name="stderr.encoding" value="UTF-8"/>
    <property name="java.vendor" value="Red Hat, Inc."/>
    <property name="java.vm.version" value="21.0.4+7"/>
    <property name="sun.io.unicode.encoding" value="UnicodeLittle"/>
    <property name="java.class.version" value="65.0"/>
  </properties>
  <testcase name="shouldAnswerWithTrue" classname="com.yurkin.AppTest" time="0.003"/>
</testsuite>